<?xml version="1.0" encoding="UTF-8"?>
<!-- Generated by org.testng.reporters.JUnitXMLReporter -->
<testsuite ignored="1" hostname="Moksh" failures="0" tests="8" name="Default test" time="93.913" errors="0" timestamp="2024-10-23T10:03:17 IST">
  <testcase classname="Demo.OrangeHRM" name="doLoginWithInvalidCredential" time="3.594"/>
  <testcase classname="Demo.OrangeHRM" name="loginTestWithValidCredential" time="3.357"/>
  <testcase classname="Demo.OrangeHRM" name="addEmployee" time="10.493"/>
  <testcase classname="Demo.OrangeHRM" name="searchEmployeeNyName" time="10.271"/>
  <testcase classname="Demo.OrangeHRM" name="searchEmployeeById" time="8.919"/>
  <testcase classname="Demo.OrangeHRM" name="fileUpload" time="15.315"/>
  <testcase classname="Demo.OrangeHRM" name="applyLeave" time="13.816"/>
  <testcase classname="Demo.OrangeHRM" name="deleteEmployee" time="12.967"/>
  <testcase classname="Demo.OrangeHRM" name="ListEmployees" time="0.0">
    <ignored/>
  </testcase> <!-- ListEmployees -->
</testsuite> <!-- Default test -->
