<?xml version="1.0" encoding="UTF-8"?>
<testng-results ignored="1" total="9" passed="8" failed="0" skipped="0">
  <reporter-output>
  </reporter-output>
  <suite started-at="2024-10-23T10:01:43 IST" name="Default suite" finished-at="2024-10-23T10:03:17 IST" duration-ms="93913">
    <groups>
    </groups>
    <test started-at="2024-10-23T10:01:43 IST" name="Default test" finished-at="2024-10-23T10:03:17 IST" duration-ms="93913">
      <class name="Demo.OrangeHRM">
        <test-method is-config="true" signature="setup()[pri:0, instance:Demo.OrangeHRM@6892b3b6]" started-at="2024-10-23T10:01:43 IST" name="setup" finished-at="2024-10-23T10:01:48 IST" duration-ms="4850" status="PASS">
          <reporter-output>
          </reporter-output>
        </test-method> <!-- setup -->
        <test-method signature="doLoginWithInvalidCredential()[pri:1, instance:Demo.OrangeHRM@6892b3b6]" started-at="2024-10-23T10:01:48 IST" name="doLoginWithInvalidCredential" finished-at="2024-10-23T10:01:51 IST" duration-ms="3594" status="PASS">
          <reporter-output>
          </reporter-output>
        </test-method> <!-- doLoginWithInvalidCredential -->
        <test-method signature="loginTestWithValidCredential()[pri:2, instance:Demo.OrangeHRM@6892b3b6]" started-at="2024-10-23T10:01:51 IST" name="loginTestWithValidCredential" finished-at="2024-10-23T10:01:55 IST" duration-ms="3357" status="PASS">
          <reporter-output>
          </reporter-output>
        </test-method> <!-- loginTestWithValidCredential -->
        <test-method signature="addEmployee()[pri:3, instance:Demo.OrangeHRM@6892b3b6]" started-at="2024-10-23T10:01:55 IST" name="addEmployee" finished-at="2024-10-23T10:02:05 IST" duration-ms="10493" status="PASS">
          <reporter-output>
          </reporter-output>
        </test-method> <!-- addEmployee -->
        <test-method signature="searchEmployeeNyName()[pri:4, instance:Demo.OrangeHRM@6892b3b6]" started-at="2024-10-23T10:02:05 IST" name="searchEmployeeNyName" finished-at="2024-10-23T10:02:15 IST" duration-ms="10271" status="PASS">
          <reporter-output>
          </reporter-output>
        </test-method> <!-- searchEmployeeNyName -->
        <test-method signature="searchEmployeeById()[pri:5, instance:Demo.OrangeHRM@6892b3b6]" started-at="2024-10-23T10:02:15 IST" name="searchEmployeeById" finished-at="2024-10-23T10:02:24 IST" duration-ms="8919" status="PASS">
          <reporter-output>
          </reporter-output>
        </test-method> <!-- searchEmployeeById -->
        <test-method signature="fileUpload()[pri:6, instance:Demo.OrangeHRM@6892b3b6]" started-at="2024-10-23T10:02:24 IST" name="fileUpload" finished-at="2024-10-23T10:02:40 IST" duration-ms="15315" status="PASS">
          <reporter-output>
          </reporter-output>
        </test-method> <!-- fileUpload -->
        <test-method signature="applyLeave()[pri:8, instance:Demo.OrangeHRM@6892b3b6]" started-at="2024-10-23T10:02:40 IST" name="applyLeave" finished-at="2024-10-23T10:02:54 IST" duration-ms="13816" status="PASS">
          <reporter-output>
          </reporter-output>
        </test-method> <!-- applyLeave -->
        <test-method signature="deleteEmployee()[pri:9, instance:Demo.OrangeHRM@6892b3b6]" started-at="2024-10-23T10:02:54 IST" name="deleteEmployee" finished-at="2024-10-23T10:03:06 IST" duration-ms="12967" status="PASS">
          <reporter-output>
          </reporter-output>
        </test-method> <!-- deleteEmployee -->
        <test-method is-config="true" signature="tearDown()[pri:0, instance:Demo.OrangeHRM@6892b3b6]" started-at="2024-10-23T10:03:06 IST" name="tearDown" finished-at="2024-10-23T10:03:17 IST" duration-ms="10293" status="PASS">
          <reporter-output>
          </reporter-output>
        </test-method> <!-- tearDown -->
      </class> <!-- Demo.OrangeHRM -->
    </test> <!-- Default test -->
  </suite> <!-- Default suite -->
</testng-results>
